date: 2014-01-31 23:36:22.284
argv: node /usr/local/bin/hexo g
os: Linux 3.2.0-58-generic-pae linux ia32
version:
  hexo: 2.4.5
  http_parser: 1.0
  node: 0.10.25
  v8: 3.14.5.9
  ares: 1.9.0-DEV
  uv: 0.10.23
  zlib: 1.2.3
  modules: 11
  openssl: 1.0.1e
---

[debug] 23:36:21.259 Configuration file load successfully
[debug] 23:36:21.281 Version info checked successfully
[debug] 23:36:21.473 Loading database.
[debug] 23:36:21.749 Plugin loaded successfully: hexo-generator-feed
[debug] 23:36:22.018 Plugin loaded successfully: hexo-migrator-rss
[debug] 23:36:22.098 Script load successfully: extend.filter.js
[debug] 23:36:22.099 Script load successfully: extend.generator.widgets.js
[debug] 23:36:22.099 Script load successfully: extend.helper.js
[debug] 23:36:22.103 Script load successfully: extend.helper.list_posts.js
[debug] 23:36:22.104 support "multiple first-level categories" and "Folder as category"
[debug] 23:36:22.104 Script load successfully: model.Post.hook.js
[debug] 23:36:22.105 Script load successfully: theme.config.js
[debug] 23:36:22.115 generateBefore
[debug] 23:36:22.122 Theme layout loaded
[debug] 23:36:22.183 Theme source loaded
[debug] 23:36:22.191 Theme configuration loaded
[debug] 23:36:22.245 Processed: about.html
[debug] 23:36:22.256 Processed: _posts/Happy Chinese New Year.md
[debug] 23:36:22.260 Theme language files loaded
[error] 23:36:22.267 { rawMessage: 'Unable to parse.',
  parsedLine: 5,
  snippet: '===',
  parsedFile: null,
  message: 'Unable to parse.',
  domain: 
   { domain: null,
     _events: { error: [Function] },
     _maxListeners: 10,
     members: [],
     _disposed: true },
  domainThrown: true }